<?xml version="1.0" encoding="utf-8" standalone="no"?>
<test-results xmlns:xsi="http://www.w3.org/2001/XMLSchema-instance" xsi:noNamespaceSchemaLocation="nunit_schema_2.5.xsd" name="Pester" total="7" errors="0" failures="0" not-run="0" inconclusive="0" ignored="0" skipped="0" invalid="0" date="2026-06-06" time="19:50:26">
  <environment cwd="/tmp/workspace/ccharland/CharlandCustomizations" os-version="6.17.0-1015-azure" platform="Linux" nunit-version="2.5.8.0" machine-name="runnervm3jyl0" clr-version="8.0.27" user="runner" user-domain="" />
  <culture-info current-culture="" current-uiculture="" />
  <test-suite type="TestFixture" name="Pester" executed="True" result="Success" success="True" time="0.6705" asserts="0" description="Pester">
    <results>
      <test-suite type="TestFixture" name="/tmp/workspace/ccharland/CharlandCustomizations/tests/Test-ManifestCompliance.Tests.ps1" executed="True" result="Success" success="True" time="0.6705" asserts="0" description="/tmp/workspace/ccharland/CharlandCustomizations/tests/Test-ManifestCompliance.Tests.ps1">
        <results>
          <test-suite type="TestFixture" name="Test-ManifestCompliance" executed="True" result="Success" success="True" time="0.3427" asserts="0" description="Test-ManifestCompliance">
            <results>
              <test-suite type="TestFixture" name="Test-ManifestCompliance.Path validation" executed="True" result="Success" success="True" time="0.19" asserts="0" description="Test-ManifestCompliance.Path validation">
                <results>
                  <test-case description="Throws when manifest path does not exist" name="Test-ManifestCompliance.Path validation.Throws when manifest path does not exist" time="0.1214" asserts="0" success="True" result="Success" executed="True" />
                  <test-case description="Throws when public source directory does not exist" name="Test-ManifestCompliance.Path validation.Throws when public source directory does not exist" time="0.0473" asserts="0" success="True" result="Success" executed="True" />
                </results>
              </test-suite>
              <test-suite type="TestFixture" name="Test-ManifestCompliance.Manifest and source are in sync" executed="True" result="Success" success="True" time="0.225" asserts="0" description="Test-ManifestCompliance.Manifest and source are in sync">
                <results>
                  <test-case description="Passes when FunctionsToExport matches discovered functions" name="Test-ManifestCompliance.Manifest and source are in sync.Passes when FunctionsToExport matches discovered functions" time="0.0285" asserts="0" success="True" result="Success" executed="True" />
                </results>
              </test-suite>
              <test-suite type="TestFixture" name="Test-ManifestCompliance.Function defined in source but missing from manifest" executed="True" result="Success" success="True" time="0.25" asserts="0" description="Test-ManifestCompliance.Function defined in source but missing from manifest">
                <results>
                  <test-case description="Throws when a function is defined but not exported" name="Test-ManifestCompliance.Function defined in source but missing from manifest.Throws when a function is defined but not exported" time="0.0189" asserts="0" success="True" result="Success" executed="True" />
                </results>
              </test-suite>
              <test-suite type="TestFixture" name="Test-ManifestCompliance.Function in manifest but not in source (stale export)" executed="True" result="Success" success="True" time="0.2714" asserts="0" description="Test-ManifestCompliance.Function in manifest but not in source (stale export)">
                <results>
                  <test-case description="Throws when a function is exported but not defined in source" name="Test-ManifestCompliance.Function in manifest but not in source (stale export).Throws when a function is exported but not defined in source" time="0.0144" asserts="0" success="True" result="Success" executed="True" />
                </results>
              </test-suite>
              <test-suite type="TestFixture" name="Test-ManifestCompliance.Functions in nested .psm1 files are discovered" executed="True" result="Success" success="True" time="0.3017" asserts="0" description="Test-ManifestCompliance.Functions in nested .psm1 files are discovered">
                <results>
                  <test-case description="Passes when functions in nested .psm1 files match the manifest" name="Test-ManifestCompliance.Functions in nested .psm1 files are discovered.Passes when functions in nested .psm1 files match the manifest" time="0.0203" asserts="0" success="True" result="Success" executed="True" />
                </results>
              </test-suite>
              <test-suite type="TestFixture" name="Test-ManifestCompliance.Empty manifest with empty source passes" executed="True" result="Success" success="True" time="0.3219" asserts="0" description="Test-ManifestCompliance.Empty manifest with empty source passes">
                <results>
                  <test-case description="Passes with no exported functions and no source functions" name="Test-ManifestCompliance.Empty manifest with empty source passes.Passes with no exported functions and no source functions" time="0.0115" asserts="0" success="True" result="Success" executed="True" />
                </results>
              </test-suite>
            </results>
          </test-suite>
        </results>
      </test-suite>
    </results>
  </test-suite>
</test-results>